::1 - - [15/Jan/2016:07:43:02 +0000] "GET /info HTTP/1.1" 304 - "http://localhost:3000/index" "Mozilla/5.0 (Macintosh; Intel Mac OS X 10_11_1) AppleWebKit/537.36 (KHTML, like Gecko) Chrome/47.0.2526.111 Safari/537.36"
::1 - - [15/Jan/2016:07:43:02 +0000] "POST /izostanek HTTP/1.1" - - "http://localhost:3000/index" "Mozilla/5.0 (Macintosh; Intel Mac OS X 10_11_1) AppleWebKit/537.36 (KHTML, like Gecko) Chrome/47.0.2526.111 Safari/537.36"
::1 - - [15/Jan/2016:07:43:02 +0000] "POST /dnevnik HTTP/1.1" - - "http://localhost:3000/index" "Mozilla/5.0 (Macintosh; Intel Mac OS X 10_11_1) AppleWebKit/537.36 (KHTML, like Gecko) Chrome/47.0.2526.111 Safari/537.36"
::1 - - [15/Jan/2016:07:43:02 +0000] "GET /Stylesheets/bootstrap.css HTTP/1.1" 304 - "http://localhost:3000/info" "Mozilla/5.0 (Macintosh; Intel Mac OS X 10_11_1) AppleWebKit/537.36 (KHTML, like Gecko) Chrome/47.0.2526.111 Safari/537.36"
::1 - - [15/Jan/2016:07:43:02 +0000] "GET /Stylesheets/nav.css HTTP/1.1" 304 - "http://localhost:3000/info" "Mozilla/5.0 (Macintosh; Intel Mac OS X 10_11_1) AppleWebKit/537.36 (KHTML, like Gecko) Chrome/47.0.2526.111 Safari/537.36"
::1 - - [15/Jan/2016:07:43:02 +0000] "GET /js/app.js HTTP/1.1" 304 - "http://localhost:3000/info" "Mozilla/5.0 (Macintosh; Intel Mac OS X 10_11_1) AppleWebKit/537.36 (KHTML, like Gecko) Chrome/47.0.2526.111 Safari/537.36"
::1 - - [15/Jan/2016:07:43:02 +0000] "GET /js/bootstrap.js HTTP/1.1" 304 - "http://localhost:3000/info" "Mozilla/5.0 (Macintosh; Intel Mac OS X 10_11_1) AppleWebKit/537.36 (KHTML, like Gecko) Chrome/47.0.2526.111 Safari/537.36"
::1 - - [15/Jan/2016:07:43:02 +0000] "GET /fonts/glyphicons-halflings-regular.woff2 HTTP/1.1" 304 - "http://localhost:3000/info" "Mozilla/5.0 (Macintosh; Intel Mac OS X 10_11_1) AppleWebKit/537.36 (KHTML, like Gecko) Chrome/47.0.2526.111 Safari/537.36"
::1 - - [15/Jan/2016:07:43:03 +0000] "GET /index HTTP/1.1" 304 - "http://localhost:3000/info" "Mozilla/5.0 (Macintosh; Intel Mac OS X 10_11_1) AppleWebKit/537.36 (KHTML, like Gecko) Chrome/47.0.2526.111 Safari/537.36"
::1 - - [15/Jan/2016:07:43:03 +0000] "GET /stylesheets/bootstrap.css HTTP/1.1" 304 - "http://localhost:3000/index" "Mozilla/5.0 (Macintosh; Intel Mac OS X 10_11_1) AppleWebKit/537.36 (KHTML, like Gecko) Chrome/47.0.2526.111 Safari/537.36"
::1 - - [15/Jan/2016:07:43:03 +0000] "GET /stylesheets/nav.css HTTP/1.1" 304 - "http://localhost:3000/index" "Mozilla/5.0 (Macintosh; Intel Mac OS X 10_11_1) AppleWebKit/537.36 (KHTML, like Gecko) Chrome/47.0.2526.111 Safari/537.36"
::1 - - [15/Jan/2016:07:43:03 +0000] "GET /js/app.js HTTP/1.1" 304 - "http://localhost:3000/index" "Mozilla/5.0 (Macintosh; Intel Mac OS X 10_11_1) AppleWebKit/537.36 (KHTML, like Gecko) Chrome/47.0.2526.111 Safari/537.36"
::1 - - [15/Jan/2016:07:43:03 +0000] "GET /js/bootstrap.js HTTP/1.1" 304 - "http://localhost:3000/index" "Mozilla/5.0 (Macintosh; Intel Mac OS X 10_11_1) AppleWebKit/537.36 (KHTML, like Gecko) Chrome/47.0.2526.111 Safari/537.36"
::1 - - [15/Jan/2016:07:43:03 +0000] "GET /fonts/glyphicons-halflings-regular.woff2 HTTP/1.1" 304 - "http://localhost:3000/index" "Mozilla/5.0 (Macintosh; Intel Mac OS X 10_11_1) AppleWebKit/537.36 (KHTML, like Gecko) Chrome/47.0.2526.111 Safari/537.36"
::1 - - [15/Jan/2016:07:43:04 +0000] "GET /ustno HTTP/1.1" 304 - "http://localhost:3000/index" "Mozilla/5.0 (Macintosh; Intel Mac OS X 10_11_1) AppleWebKit/537.36 (KHTML, like Gecko) Chrome/47.0.2526.111 Safari/537.36"
::1 - - [15/Jan/2016:07:43:04 +0000] "GET /Stylesheets/bootstrap.css HTTP/1.1" 304 - "http://localhost:3000/ustno" "Mozilla/5.0 (Macintosh; Intel Mac OS X 10_11_1) AppleWebKit/537.36 (KHTML, like Gecko) Chrome/47.0.2526.111 Safari/537.36"
::1 - - [15/Jan/2016:07:43:04 +0000] "GET /Stylesheets/nav.css HTTP/1.1" 304 - "http://localhost:3000/ustno" "Mozilla/5.0 (Macintosh; Intel Mac OS X 10_11_1) AppleWebKit/537.36 (KHTML, like Gecko) Chrome/47.0.2526.111 Safari/537.36"
::1 - - [15/Jan/2016:07:43:04 +0000] "GET /js/bootstrap.js HTTP/1.1" 304 - "http://localhost:3000/ustno" "Mozilla/5.0 (Macintosh; Intel Mac OS X 10_11_1) AppleWebKit/537.36 (KHTML, like Gecko) Chrome/47.0.2526.111 Safari/537.36"
::1 - - [15/Jan/2016:07:43:04 +0000] "GET /js/app.js HTTP/1.1" 304 - "http://localhost:3000/ustno" "Mozilla/5.0 (Macintosh; Intel Mac OS X 10_11_1) AppleWebKit/537.36 (KHTML, like Gecko) Chrome/47.0.2526.111 Safari/537.36"
::1 - - [15/Jan/2016:07:43:04 +0000] "GET /fonts/glyphicons-halflings-regular.woff2 HTTP/1.1" 304 - "http://localhost:3000/ustno" "Mozilla/5.0 (Macintosh; Intel Mac OS X 10_11_1) AppleWebKit/537.36 (KHTML, like Gecko) Chrome/47.0.2526.111 Safari/537.36"
::1 - - [15/Jan/2016:07:43:05 +0000] "GET /ustno HTTP/1.1" 304 - "http://localhost:3000/ustno" "Mozilla/5.0 (Macintosh; Intel Mac OS X 10_11_1) AppleWebKit/537.36 (KHTML, like Gecko) Chrome/47.0.2526.111 Safari/537.36"
::1 - - [15/Jan/2016:07:43:05 +0000] "GET /Stylesheets/bootstrap.css HTTP/1.1" 304 - "http://localhost:3000/ustno" "Mozilla/5.0 (Macintosh; Intel Mac OS X 10_11_1) AppleWebKit/537.36 (KHTML, like Gecko) Chrome/47.0.2526.111 Safari/537.36"
::1 - - [15/Jan/2016:07:43:05 +0000] "GET /Stylesheets/nav.css HTTP/1.1" 304 - "http://localhost:3000/ustno" "Mozilla/5.0 (Macintosh; Intel Mac OS X 10_11_1) AppleWebKit/537.36 (KHTML, like Gecko) Chrome/47.0.2526.111 Safari/537.36"
::1 - - [15/Jan/2016:07:43:05 +0000] "GET /js/app.js HTTP/1.1" 304 - "http://localhost:3000/ustno" "Mozilla/5.0 (Macintosh; Intel Mac OS X 10_11_1) AppleWebKit/537.36 (KHTML, like Gecko) Chrome/47.0.2526.111 Safari/537.36"
::1 - - [15/Jan/2016:07:43:05 +0000] "GET /js/bootstrap.js HTTP/1.1" 304 - "http://localhost:3000/ustno" "Mozilla/5.0 (Macintosh; Intel Mac OS X 10_11_1) AppleWebKit/537.36 (KHTML, like Gecko) Chrome/47.0.2526.111 Safari/537.36"
::1 - - [15/Jan/2016:07:43:05 +0000] "GET /fonts/glyphicons-halflings-regular.woff2 HTTP/1.1" 304 - "http://localhost:3000/ustno" "Mozilla/5.0 (Macintosh; Intel Mac OS X 10_11_1) AppleWebKit/537.36 (KHTML, like Gecko) Chrome/47.0.2526.111 Safari/537.36"
::1 - - [15/Jan/2016:07:43:05 +0000] "GET /index HTTP/1.1" 304 - "http://localhost:3000/ustno" "Mozilla/5.0 (Macintosh; Intel Mac OS X 10_11_1) AppleWebKit/537.36 (KHTML, like Gecko) Chrome/47.0.2526.111 Safari/537.36"
::1 - - [15/Jan/2016:07:43:05 +0000] "GET /stylesheets/bootstrap.css HTTP/1.1" 304 - "http://localhost:3000/index" "Mozilla/5.0 (Macintosh; Intel Mac OS X 10_11_1) AppleWebKit/537.36 (KHTML, like Gecko) Chrome/47.0.2526.111 Safari/537.36"
::1 - - [15/Jan/2016:07:43:05 +0000] "GET /stylesheets/nav.css HTTP/1.1" 304 - "http://localhost:3000/index" "Mozilla/5.0 (Macintosh; Intel Mac OS X 10_11_1) AppleWebKit/537.36 (KHTML, like Gecko) Chrome/47.0.2526.111 Safari/537.36"
::1 - - [15/Jan/2016:07:43:05 +0000] "GET /js/app.js HTTP/1.1" 304 - "http://localhost:3000/index" "Mozilla/5.0 (Macintosh; Intel Mac OS X 10_11_1) AppleWebKit/537.36 (KHTML, like Gecko) Chrome/47.0.2526.111 Safari/537.36"
::1 - - [15/Jan/2016:07:43:05 +0000] "GET /js/bootstrap.js HTTP/1.1" 304 - "http://localhost:3000/index" "Mozilla/5.0 (Macintosh; Intel Mac OS X 10_11_1) AppleWebKit/537.36 (KHTML, like Gecko) Chrome/47.0.2526.111 Safari/537.36"
::1 - - [15/Jan/2016:07:43:06 +0000] "GET /fonts/glyphicons-halflings-regular.woff2 HTTP/1.1" 304 - "http://localhost:3000/index" "Mozilla/5.0 (Macintosh; Intel Mac OS X 10_11_1) AppleWebKit/537.36 (KHTML, like Gecko) Chrome/47.0.2526.111 Safari/537.36"
::1 - - [15/Jan/2016:07:43:06 +0000] "GET /ustno HTTP/1.1" 304 - "http://localhost:3000/index" "Mozilla/5.0 (Macintosh; Intel Mac OS X 10_11_1) AppleWebKit/537.36 (KHTML, like Gecko) Chrome/47.0.2526.111 Safari/537.36"
::1 - - [15/Jan/2016:07:43:06 +0000] "GET /Stylesheets/bootstrap.css HTTP/1.1" 304 - "http://localhost:3000/ustno" "Mozilla/5.0 (Macintosh; Intel Mac OS X 10_11_1) AppleWebKit/537.36 (KHTML, like Gecko) Chrome/47.0.2526.111 Safari/537.36"
::1 - - [15/Jan/2016:07:43:06 +0000] "GET /Stylesheets/nav.css HTTP/1.1" 304 - "http://localhost:3000/ustno" "Mozilla/5.0 (Macintosh; Intel Mac OS X 10_11_1) AppleWebKit/537.36 (KHTML, like Gecko) Chrome/47.0.2526.111 Safari/537.36"
::1 - - [15/Jan/2016:07:43:06 +0000] "GET /js/bootstrap.js HTTP/1.1" 304 - "http://localhost:3000/ustno" "Mozilla/5.0 (Macintosh; Intel Mac OS X 10_11_1) AppleWebKit/537.36 (KHTML, like Gecko) Chrome/47.0.2526.111 Safari/537.36"
::1 - - [15/Jan/2016:07:43:06 +0000] "GET /js/app.js HTTP/1.1" 304 - "http://localhost:3000/ustno" "Mozilla/5.0 (Macintosh; Intel Mac OS X 10_11_1) AppleWebKit/537.36 (KHTML, like Gecko) Chrome/47.0.2526.111 Safari/537.36"
::1 - - [15/Jan/2016:07:43:06 +0000] "GET /fonts/glyphicons-halflings-regular.woff2 HTTP/1.1" 304 - "http://localhost:3000/ustno" "Mozilla/5.0 (Macintosh; Intel Mac OS X 10_11_1) AppleWebKit/537.36 (KHTML, like Gecko) Chrome/47.0.2526.111 Safari/537.36"
::1 - - [15/Jan/2016:07:43:07 +0000] "GET /ustno HTTP/1.1" 304 - "http://localhost:3000/ustno" "Mozilla/5.0 (Macintosh; Intel Mac OS X 10_11_1) AppleWebKit/537.36 (KHTML, like Gecko) Chrome/47.0.2526.111 Safari/537.36"
::1 - - [15/Jan/2016:07:43:07 +0000] "GET /Stylesheets/bootstrap.css HTTP/1.1" 304 - "http://localhost:3000/ustno" "Mozilla/5.0 (Macintosh; Intel Mac OS X 10_11_1) AppleWebKit/537.36 (KHTML, like Gecko) Chrome/47.0.2526.111 Safari/537.36"
::1 - - [15/Jan/2016:07:43:07 +0000] "GET /Stylesheets/nav.css HTTP/1.1" 304 - "http://localhost:3000/ustno" "Mozilla/5.0 (Macintosh; Intel Mac OS X 10_11_1) AppleWebKit/537.36 (KHTML, like Gecko) Chrome/47.0.2526.111 Safari/537.36"
::1 - - [15/Jan/2016:07:43:07 +0000] "GET /js/bootstrap.js HTTP/1.1" 304 - "http://localhost:3000/ustno" "Mozilla/5.0 (Macintosh; Intel Mac OS X 10_11_1) AppleWebKit/537.36 (KHTML, like Gecko) Chrome/47.0.2526.111 Safari/537.36"
::1 - - [15/Jan/2016:07:43:07 +0000] "GET /js/app.js HTTP/1.1" 304 - "http://localhost:3000/ustno" "Mozilla/5.0 (Macintosh; Intel Mac OS X 10_11_1) AppleWebKit/537.36 (KHTML, like Gecko) Chrome/47.0.2526.111 Safari/537.36"
::1 - - [15/Jan/2016:07:43:07 +0000] "GET /fonts/glyphicons-halflings-regular.woff2 HTTP/1.1" 304 - "http://localhost:3000/ustno" "Mozilla/5.0 (Macintosh; Intel Mac OS X 10_11_1) AppleWebKit/537.36 (KHTML, like Gecko) Chrome/47.0.2526.111 Safari/537.36"
::1 - - [15/Jan/2016:07:43:07 +0000] "GET /index HTTP/1.1" 304 - "http://localhost:3000/ustno" "Mozilla/5.0 (Macintosh; Intel Mac OS X 10_11_1) AppleWebKit/537.36 (KHTML, like Gecko) Chrome/47.0.2526.111 Safari/537.36"
::1 - - [15/Jan/2016:07:43:07 +0000] "GET /stylesheets/bootstrap.css HTTP/1.1" 304 - "http://localhost:3000/index" "Mozilla/5.0 (Macintosh; Intel Mac OS X 10_11_1) AppleWebKit/537.36 (KHTML, like Gecko) Chrome/47.0.2526.111 Safari/537.36"
::1 - - [15/Jan/2016:07:43:07 +0000] "GET /stylesheets/nav.css HTTP/1.1" 304 - "http://localhost:3000/index" "Mozilla/5.0 (Macintosh; Intel Mac OS X 10_11_1) AppleWebKit/537.36 (KHTML, like Gecko) Chrome/47.0.2526.111 Safari/537.36"
::1 - - [15/Jan/2016:07:43:07 +0000] "GET /js/app.js HTTP/1.1" 304 - "http://localhost:3000/index" "Mozilla/5.0 (Macintosh; Intel Mac OS X 10_11_1) AppleWebKit/537.36 (KHTML, like Gecko) Chrome/47.0.2526.111 Safari/537.36"
::1 - - [15/Jan/2016:07:43:07 +0000] "GET /js/bootstrap.js HTTP/1.1" 304 - "http://localhost:3000/index" "Mozilla/5.0 (Macintosh; Intel Mac OS X 10_11_1) AppleWebKit/537.36 (KHTML, like Gecko) Chrome/47.0.2526.111 Safari/537.36"
::1 - - [15/Jan/2016:07:43:07 +0000] "GET /fonts/glyphicons-halflings-regular.woff2 HTTP/1.1" 304 - "http://localhost:3000/index" "Mozilla/5.0 (Macintosh; Intel Mac OS X 10_11_1) AppleWebKit/537.36 (KHTML, like Gecko) Chrome/47.0.2526.111 Safari/537.36"
