::1 - - [14/Jan/2016:20:39:08 +0000] "GET /logout HTTP/1.1" 302 46 "-" "Mozilla/5.0 (Macintosh; Intel Mac OS X 10_11_1) AppleWebKit/537.36 (KHTML, like Gecko) Chrome/47.0.2526.111 Safari/537.36"
::1 - - [14/Jan/2016:20:39:08 +0000] "GET / HTTP/1.1" 302 54 "-" "Mozilla/5.0 (Macintosh; Intel Mac OS X 10_11_1) AppleWebKit/537.36 (KHTML, like Gecko) Chrome/47.0.2526.111 Safari/537.36"
::1 - - [14/Jan/2016:20:39:08 +0000] "GET /login HTTP/1.1" 200 1228 "-" "Mozilla/5.0 (Macintosh; Intel Mac OS X 10_11_1) AppleWebKit/537.36 (KHTML, like Gecko) Chrome/47.0.2526.111 Safari/537.36"
::1 - - [14/Jan/2016:20:39:08 +0000] "GET /stylesheets/login.css HTTP/1.1" 200 594 "http://localhost:3000/login" "Mozilla/5.0 (Macintosh; Intel Mac OS X 10_11_1) AppleWebKit/537.36 (KHTML, like Gecko) Chrome/47.0.2526.111 Safari/537.36"
::1 - - [14/Jan/2016:20:39:08 +0000] "GET /js/bootstrap.js HTTP/1.1" 200 68890 "http://localhost:3000/login" "Mozilla/5.0 (Macintosh; Intel Mac OS X 10_11_1) AppleWebKit/537.36 (KHTML, like Gecko) Chrome/47.0.2526.111 Safari/537.36"
::1 - - [14/Jan/2016:20:39:08 +0000] "GET /stylesheets/bootstrap.css HTTP/1.1" 200 147430 "http://localhost:3000/login" "Mozilla/5.0 (Macintosh; Intel Mac OS X 10_11_1) AppleWebKit/537.36 (KHTML, like Gecko) Chrome/47.0.2526.111 Safari/537.36"
::1 - - [14/Jan/2016:20:39:13 +0000] "POST /login HTTP/1.1" 302 56 "http://localhost:3000/login" "Mozilla/5.0 (Macintosh; Intel Mac OS X 10_11_1) AppleWebKit/537.36 (KHTML, like Gecko) Chrome/47.0.2526.111 Safari/537.36"
::1 - - [14/Jan/2016:20:39:13 +0000] "GET /index HTTP/1.1" 304 - "http://localhost:3000/login" "Mozilla/5.0 (Macintosh; Intel Mac OS X 10_11_1) AppleWebKit/537.36 (KHTML, like Gecko) Chrome/47.0.2526.111 Safari/537.36"
::1 - - [14/Jan/2016:20:39:13 +0000] "GET /stylesheets/bootstrap.css HTTP/1.1" 304 - "http://localhost:3000/index" "Mozilla/5.0 (Macintosh; Intel Mac OS X 10_11_1) AppleWebKit/537.36 (KHTML, like Gecko) Chrome/47.0.2526.111 Safari/537.36"
::1 - - [14/Jan/2016:20:39:13 +0000] "GET /stylesheets/nav.css HTTP/1.1" 200 1278 "http://localhost:3000/index" "Mozilla/5.0 (Macintosh; Intel Mac OS X 10_11_1) AppleWebKit/537.36 (KHTML, like Gecko) Chrome/47.0.2526.111 Safari/537.36"
::1 - - [14/Jan/2016:20:39:13 +0000] "GET /js/bootstrap.js HTTP/1.1" 304 - "http://localhost:3000/index" "Mozilla/5.0 (Macintosh; Intel Mac OS X 10_11_1) AppleWebKit/537.36 (KHTML, like Gecko) Chrome/47.0.2526.111 Safari/537.36"
::1 - - [14/Jan/2016:20:39:13 +0000] "GET /js/app.js HTTP/1.1" 200 8607 "http://localhost:3000/index" "Mozilla/5.0 (Macintosh; Intel Mac OS X 10_11_1) AppleWebKit/537.36 (KHTML, like Gecko) Chrome/47.0.2526.111 Safari/537.36"
::1 - - [14/Jan/2016:20:39:13 +0000] "GET /fonts/glyphicons-halflings-regular.woff2 HTTP/1.1" 200 18028 "http://localhost:3000/login" "Mozilla/5.0 (Macintosh; Intel Mac OS X 10_11_1) AppleWebKit/537.36 (KHTML, like Gecko) Chrome/47.0.2526.111 Safari/537.36"
::1 - - [14/Jan/2016:20:39:24 +0000] "GET /signup HTTP/1.1" 200 1562 "-" "Mozilla/5.0 (Macintosh; Intel Mac OS X 10_11_1) AppleWebKit/537.36 (KHTML, like Gecko) Chrome/47.0.2526.111 Safari/537.36"
::1 - - [14/Jan/2016:20:39:24 +0000] "GET /stylesheets/bootstrap.css HTTP/1.1" 304 - "http://localhost:3000/signup" "Mozilla/5.0 (Macintosh; Intel Mac OS X 10_11_1) AppleWebKit/537.36 (KHTML, like Gecko) Chrome/47.0.2526.111 Safari/537.36"
::1 - - [14/Jan/2016:20:39:24 +0000] "GET /stylesheets/login.css HTTP/1.1" 304 - "http://localhost:3000/signup" "Mozilla/5.0 (Macintosh; Intel Mac OS X 10_11_1) AppleWebKit/537.36 (KHTML, like Gecko) Chrome/47.0.2526.111 Safari/537.36"
::1 - - [14/Jan/2016:20:39:24 +0000] "GET /js/bootstrap.js HTTP/1.1" 304 - "http://localhost:3000/signup" "Mozilla/5.0 (Macintosh; Intel Mac OS X 10_11_1) AppleWebKit/537.36 (KHTML, like Gecko) Chrome/47.0.2526.111 Safari/537.36"
::1 - - [14/Jan/2016:20:39:33 +0000] "POST /signup HTTP/1.1" 302 56 "http://localhost:3000/signup" "Mozilla/5.0 (Macintosh; Intel Mac OS X 10_11_1) AppleWebKit/537.36 (KHTML, like Gecko) Chrome/47.0.2526.111 Safari/537.36"
::1 - - [14/Jan/2016:20:39:33 +0000] "GET /index HTTP/1.1" 304 - "http://localhost:3000/signup" "Mozilla/5.0 (Macintosh; Intel Mac OS X 10_11_1) AppleWebKit/537.36 (KHTML, like Gecko) Chrome/47.0.2526.111 Safari/537.36"
::1 - - [14/Jan/2016:20:39:33 +0000] "GET /stylesheets/bootstrap.css HTTP/1.1" 304 - "http://localhost:3000/index" "Mozilla/5.0 (Macintosh; Intel Mac OS X 10_11_1) AppleWebKit/537.36 (KHTML, like Gecko) Chrome/47.0.2526.111 Safari/537.36"
::1 - - [14/Jan/2016:20:39:33 +0000] "GET /stylesheets/nav.css HTTP/1.1" 304 - "http://localhost:3000/index" "Mozilla/5.0 (Macintosh; Intel Mac OS X 10_11_1) AppleWebKit/537.36 (KHTML, like Gecko) Chrome/47.0.2526.111 Safari/537.36"
::1 - - [14/Jan/2016:20:39:33 +0000] "GET /js/app.js HTTP/1.1" 304 - "http://localhost:3000/index" "Mozilla/5.0 (Macintosh; Intel Mac OS X 10_11_1) AppleWebKit/537.36 (KHTML, like Gecko) Chrome/47.0.2526.111 Safari/537.36"
::1 - - [14/Jan/2016:20:39:33 +0000] "GET /js/bootstrap.js HTTP/1.1" 304 - "http://localhost:3000/index" "Mozilla/5.0 (Macintosh; Intel Mac OS X 10_11_1) AppleWebKit/537.36 (KHTML, like Gecko) Chrome/47.0.2526.111 Safari/537.36"
::1 - - [14/Jan/2016:20:39:33 +0000] "GET /fonts/glyphicons-halflings-regular.woff2 HTTP/1.1" 304 - "http://localhost:3000/signup" "Mozilla/5.0 (Macintosh; Intel Mac OS X 10_11_1) AppleWebKit/537.36 (KHTML, like Gecko) Chrome/47.0.2526.111 Safari/537.36"
::1 - - [14/Jan/2016:20:39:37 +0000] "GET /info HTTP/1.1" 304 - "http://localhost:3000/index" "Mozilla/5.0 (Macintosh; Intel Mac OS X 10_11_1) AppleWebKit/537.36 (KHTML, like Gecko) Chrome/47.0.2526.111 Safari/537.36"
::1 - - [14/Jan/2016:20:39:37 +0000] "GET /js/app.js HTTP/1.1" 304 - "http://localhost:3000/info" "Mozilla/5.0 (Macintosh; Intel Mac OS X 10_11_1) AppleWebKit/537.36 (KHTML, like Gecko) Chrome/47.0.2526.111 Safari/537.36"
::1 - - [14/Jan/2016:20:39:37 +0000] "GET /js/bootstrap.js HTTP/1.1" 304 - "http://localhost:3000/info" "Mozilla/5.0 (Macintosh; Intel Mac OS X 10_11_1) AppleWebKit/537.36 (KHTML, like Gecko) Chrome/47.0.2526.111 Safari/537.36"
::1 - - [14/Jan/2016:20:39:37 +0000] "GET /Stylesheets/nav.css HTTP/1.1" 200 1278 "http://localhost:3000/info" "Mozilla/5.0 (Macintosh; Intel Mac OS X 10_11_1) AppleWebKit/537.36 (KHTML, like Gecko) Chrome/47.0.2526.111 Safari/537.36"
::1 - - [14/Jan/2016:20:39:37 +0000] "GET /Stylesheets/bootstrap.css HTTP/1.1" 200 147430 "http://localhost:3000/info" "Mozilla/5.0 (Macintosh; Intel Mac OS X 10_11_1) AppleWebKit/537.36 (KHTML, like Gecko) Chrome/47.0.2526.111 Safari/537.36"
::1 - - [14/Jan/2016:20:39:37 +0000] "GET /fonts/glyphicons-halflings-regular.woff2 HTTP/1.1" 304 - "http://localhost:3000/info" "Mozilla/5.0 (Macintosh; Intel Mac OS X 10_11_1) AppleWebKit/537.36 (KHTML, like Gecko) Chrome/47.0.2526.111 Safari/537.36"
::1 - - [14/Jan/2016:20:39:39 +0000] "GET /index HTTP/1.1" 304 - "http://localhost:3000/info" "Mozilla/5.0 (Macintosh; Intel Mac OS X 10_11_1) AppleWebKit/537.36 (KHTML, like Gecko) Chrome/47.0.2526.111 Safari/537.36"
::1 - - [14/Jan/2016:20:39:39 +0000] "GET /stylesheets/bootstrap.css HTTP/1.1" 304 - "http://localhost:3000/index" "Mozilla/5.0 (Macintosh; Intel Mac OS X 10_11_1) AppleWebKit/537.36 (KHTML, like Gecko) Chrome/47.0.2526.111 Safari/537.36"
::1 - - [14/Jan/2016:20:39:39 +0000] "GET /stylesheets/nav.css HTTP/1.1" 304 - "http://localhost:3000/index" "Mozilla/5.0 (Macintosh; Intel Mac OS X 10_11_1) AppleWebKit/537.36 (KHTML, like Gecko) Chrome/47.0.2526.111 Safari/537.36"
::1 - - [14/Jan/2016:20:39:39 +0000] "GET /js/app.js HTTP/1.1" 304 - "http://localhost:3000/index" "Mozilla/5.0 (Macintosh; Intel Mac OS X 10_11_1) AppleWebKit/537.36 (KHTML, like Gecko) Chrome/47.0.2526.111 Safari/537.36"
::1 - - [14/Jan/2016:20:39:39 +0000] "GET /js/bootstrap.js HTTP/1.1" 304 - "http://localhost:3000/index" "Mozilla/5.0 (Macintosh; Intel Mac OS X 10_11_1) AppleWebKit/537.36 (KHTML, like Gecko) Chrome/47.0.2526.111 Safari/537.36"
::1 - - [14/Jan/2016:20:39:39 +0000] "GET /fonts/glyphicons-halflings-regular.woff2 HTTP/1.1" 304 - "http://localhost:3000/index" "Mozilla/5.0 (Macintosh; Intel Mac OS X 10_11_1) AppleWebKit/537.36 (KHTML, like Gecko) Chrome/47.0.2526.111 Safari/537.36"
::1 - - [14/Jan/2016:20:39:49 +0000] "GET /ustno HTTP/1.1" 304 - "http://localhost:3000/index" "Mozilla/5.0 (Macintosh; Intel Mac OS X 10_11_1) AppleWebKit/537.36 (KHTML, like Gecko) Chrome/47.0.2526.111 Safari/537.36"
::1 - - [14/Jan/2016:20:39:49 +0000] "GET /Stylesheets/bootstrap.css HTTP/1.1" 304 - "http://localhost:3000/ustno" "Mozilla/5.0 (Macintosh; Intel Mac OS X 10_11_1) AppleWebKit/537.36 (KHTML, like Gecko) Chrome/47.0.2526.111 Safari/537.36"
::1 - - [14/Jan/2016:20:39:49 +0000] "GET /Stylesheets/nav.css HTTP/1.1" 304 - "http://localhost:3000/ustno" "Mozilla/5.0 (Macintosh; Intel Mac OS X 10_11_1) AppleWebKit/537.36 (KHTML, like Gecko) Chrome/47.0.2526.111 Safari/537.36"
::1 - - [14/Jan/2016:20:39:49 +0000] "GET /js/bootstrap.js HTTP/1.1" 304 - "http://localhost:3000/ustno" "Mozilla/5.0 (Macintosh; Intel Mac OS X 10_11_1) AppleWebKit/537.36 (KHTML, like Gecko) Chrome/47.0.2526.111 Safari/537.36"
::1 - - [14/Jan/2016:20:39:49 +0000] "GET /js/app.js HTTP/1.1" 304 - "http://localhost:3000/ustno" "Mozilla/5.0 (Macintosh; Intel Mac OS X 10_11_1) AppleWebKit/537.36 (KHTML, like Gecko) Chrome/47.0.2526.111 Safari/537.36"
::1 - - [14/Jan/2016:20:39:49 +0000] "GET /fonts/glyphicons-halflings-regular.woff2 HTTP/1.1" 304 - "http://localhost:3000/ustno" "Mozilla/5.0 (Macintosh; Intel Mac OS X 10_11_1) AppleWebKit/537.36 (KHTML, like Gecko) Chrome/47.0.2526.111 Safari/537.36"
::1 - - [14/Jan/2016:20:39:50 +0000] "GET /index HTTP/1.1" 304 - "http://localhost:3000/ustno" "Mozilla/5.0 (Macintosh; Intel Mac OS X 10_11_1) AppleWebKit/537.36 (KHTML, like Gecko) Chrome/47.0.2526.111 Safari/537.36"
::1 - - [14/Jan/2016:20:39:50 +0000] "GET /stylesheets/bootstrap.css HTTP/1.1" 304 - "http://localhost:3000/index" "Mozilla/5.0 (Macintosh; Intel Mac OS X 10_11_1) AppleWebKit/537.36 (KHTML, like Gecko) Chrome/47.0.2526.111 Safari/537.36"
::1 - - [14/Jan/2016:20:39:50 +0000] "GET /stylesheets/nav.css HTTP/1.1" 304 - "http://localhost:3000/index" "Mozilla/5.0 (Macintosh; Intel Mac OS X 10_11_1) AppleWebKit/537.36 (KHTML, like Gecko) Chrome/47.0.2526.111 Safari/537.36"
::1 - - [14/Jan/2016:20:39:50 +0000] "GET /js/app.js HTTP/1.1" 304 - "http://localhost:3000/index" "Mozilla/5.0 (Macintosh; Intel Mac OS X 10_11_1) AppleWebKit/537.36 (KHTML, like Gecko) Chrome/47.0.2526.111 Safari/537.36"
::1 - - [14/Jan/2016:20:39:50 +0000] "GET /js/bootstrap.js HTTP/1.1" 304 - "http://localhost:3000/index" "Mozilla/5.0 (Macintosh; Intel Mac OS X 10_11_1) AppleWebKit/537.36 (KHTML, like Gecko) Chrome/47.0.2526.111 Safari/537.36"
::1 - - [14/Jan/2016:20:39:50 +0000] "GET /fonts/glyphicons-halflings-regular.woff2 HTTP/1.1" 304 - "http://localhost:3000/index" "Mozilla/5.0 (Macintosh; Intel Mac OS X 10_11_1) AppleWebKit/537.36 (KHTML, like Gecko) Chrome/47.0.2526.111 Safari/537.36"
